Operating system: Microsoft Windows NT 6.1.7601 Service Pack 1
Opening INI file "C:\Users\Alumno\Desktop\Proyectos Hack Sonic the Hedgehog\ASM Montajes\Proyecto Chaotyx the Hedgehog\SonLVL INI Files\SonLVL.ini"...
Game type is S1.
Opening INI file "C:\Users\Alumno\Desktop\Proyectos Hack Sonic the Hedgehog\ASM Montajes\Proyecto Chaotyx the Hedgehog\SonLVL INI Files\SonLVL.ini"...
Game type is S1.
Loading Spring Yard Zone Act 3...
Loading 8x8 tiles from file "../artnem/8x8SYZ.bin", using compression Nemesis...
Loading 16x16 blocks from file "../map16/SYZ.bin", using compression Enigma...
Loading 256x256 chunks from file "../map256/SYZ.bin", using compression Kosinski...
Loading FG layout from file "../levels/syz3.bin", using compression Uncompressed...
Loading BG layout from file "../levels/syzbg.bin", using compression Uncompressed...
Loading palette file "../pallet/Sonic.bin"...
Source: 0 Destination: 0 Length: 16
Loading palette file "../pallet/SYZ.bin"...
Source: 0 Destination: 16 Length: 48
Loading object definition file "obj.ini".
Loading object definition file "objSYZ.ini".
Loading ObjectDefinition type S1ObjectDefinitions.Common.Ring from "Common\Ring.cs"...
Loading type from cached assembly "dllcache\S1ObjectDefinitions.Common.Ring.dll"...
Loading ObjectDefinition type S1ObjectDefinitions.Common.InvisibleBlock from "Common\InvisibleBlock.cs"...
Loading type from cached assembly "dllcache\S1ObjectDefinitions.Common.InvisibleBlock.dll"...
Unable to read file "../artnem/Enemy Crabmeat.bin" with compression Nemesis:
Error loading object definition Crabmeat:
System.IO.FileNotFoundException: No se pudo encontrar el archivo 'C:\Users\Alumno\Desktop\Proyectos Hack Sonic the Hedgehog\ASM Montajes\Proyecto Chaotyx the Hedgehog\artnem\Enemy Crabmeat.bin'.
Nombre de archivo: 'C:\Users\Alumno\Desktop\Proyectos Hack Sonic the Hedgehog\ASM Montajes\Proyecto Chaotyx the Hedgehog\artnem\Enemy Crabmeat.bin'
   en System.IO.__Error.WinIOError(Int32 errorCode, String maybeFullPath)
   en System.IO.FileStream.Init(String path, FileMode mode, FileAccess access, Int32 rights, Boolean useRights, FileShare share, Int32 bufferSize, FileOptions options, SECURITY_ATTRIBUTES secAttrs, String msgPath, Boolean bFromProxy)
   en System.IO.FileStream..ctor(String path, FileMode mode, FileAccess access, FileShare share)
   en SonicRetro.KensSharp.Nemesis.Decompress(String sourceFilePath) en C:\Users\Mike\Documents\GitHub\kenssharp_git\Nemesis\Nemesis.cs:línea 10
   en SonicRetro.SonLVL.API.Compression.Decompress(String file, CompressionType cmp) en C:\Users\Mike\Documents\GitHub\SonLVL\SonLVLAPI\Compression.cs:línea 42
   en SonicRetro.SonLVL.API.LevelData.ReadFile(String file, CompressionType cmp) en C:\Users\Mike\Documents\GitHub\SonLVL\SonLVLAPI\LevelData.cs:línea 2144
   en SonicRetro.SonLVL.API.DefaultObjectDefinition.Init(ObjectData data) en C:\Users\Mike\Documents\GitHub\SonLVL\SonLVLAPI\ObjectDefinition.cs:línea 486
Unable to read file "../artnem/Enemy Buzz Bomber.bin" with compression Nemesis:
Error loading object definition Buzz Bomber:
System.IO.FileNotFoundException: No se pudo encontrar el archivo 'C:\Users\Alumno\Desktop\Proyectos Hack Sonic the Hedgehog\ASM Montajes\Proyecto Chaotyx the Hedgehog\artnem\Enemy Buzz Bomber.bin'.
Nombre de archivo: 'C:\Users\Alumno\Desktop\Proyectos Hack Sonic the Hedgehog\ASM Montajes\Proyecto Chaotyx the Hedgehog\artnem\Enemy Buzz Bomber.bin'
   en System.IO.__Error.WinIOError(Int32 errorCode, String maybeFullPath)
   en System.IO.FileStream.Init(String path, FileMode mode, FileAccess access, Int32 rights, Boolean useRights, FileShare share, Int32 bufferSize, FileOptions options, SECURITY_ATTRIBUTES secAttrs, String msgPath, Boolean bFromProxy)
   en System.IO.FileStream..ctor(String path, FileMode mode, FileAccess access, FileShare share)
   en SonicRetro.KensSharp.Nemesis.Decompress(String sourceFilePath) en C:\Users\Mike\Documents\GitHub\kenssharp_git\Nemesis\Nemesis.cs:línea 10
   en SonicRetro.SonLVL.API.Compression.Decompress(String file, CompressionType cmp) en C:\Users\Mike\Documents\GitHub\SonLVL\SonLVLAPI\Compression.cs:línea 42
   en SonicRetro.SonLVL.API.LevelData.ReadFile(String file, CompressionType cmp) en C:\Users\Mike\Documents\GitHub\SonLVL\SonLVLAPI\LevelData.cs:línea 2144
   en SonicRetro.SonLVL.API.DefaultObjectDefinition.Init(ObjectData data) en C:\Users\Mike\Documents\GitHub\SonLVL\SonLVLAPI\ObjectDefinition.cs:línea 486
Unable to read file "../artnem/Enemy Roller.bin" with compression Nemesis:
Error loading object definition Roller:
System.IO.FileNotFoundException: No se pudo encontrar el archivo 'C:\Users\Alumno\Desktop\Proyectos Hack Sonic the Hedgehog\ASM Montajes\Proyecto Chaotyx the Hedgehog\artnem\Enemy Roller.bin'.
Nombre de archivo: 'C:\Users\Alumno\Desktop\Proyectos Hack Sonic the Hedgehog\ASM Montajes\Proyecto Chaotyx the Hedgehog\artnem\Enemy Roller.bin'
   en System.IO.__Error.WinIOError(Int32 errorCode, String maybeFullPath)
   en System.IO.FileStream.Init(String path, FileMode mode, FileAccess access, Int32 rights, Boolean useRights, FileShare share, Int32 bufferSize, FileOptions options, SECURITY_ATTRIBUTES secAttrs, String msgPath, Boolean bFromProxy)
   en System.IO.FileStream..ctor(String path, FileMode mode, FileAccess access, FileShare share)
   en SonicRetro.KensSharp.Nemesis.Decompress(String sourceFilePath) en C:\Users\Mike\Documents\GitHub\kenssharp_git\Nemesis\Nemesis.cs:línea 10
   en SonicRetro.SonLVL.API.Compression.Decompress(String file, CompressionType cmp) en C:\Users\Mike\Documents\GitHub\SonLVL\SonLVLAPI\Compression.cs:línea 42
   en SonicRetro.SonLVL.API.LevelData.ReadFile(String file, CompressionType cmp) en C:\Users\Mike\Documents\GitHub\SonLVL\SonLVLAPI\LevelData.cs:línea 2144
   en SonicRetro.SonLVL.API.DefaultObjectDefinition.Init(ObjectData data) en C:\Users\Mike\Documents\GitHub\SonLVL\SonLVLAPI\ObjectDefinition.cs:línea 486
Unable to read file "../artnem/Enemy Yadrin.bin" with compression Nemesis:
Error loading object definition Yadrin:
System.IO.FileNotFoundException: No se pudo encontrar el archivo 'C:\Users\Alumno\Desktop\Proyectos Hack Sonic the Hedgehog\ASM Montajes\Proyecto Chaotyx the Hedgehog\artnem\Enemy Yadrin.bin'.
Nombre de archivo: 'C:\Users\Alumno\Desktop\Proyectos Hack Sonic the Hedgehog\ASM Montajes\Proyecto Chaotyx the Hedgehog\artnem\Enemy Yadrin.bin'
   en System.IO.__Error.WinIOError(Int32 errorCode, String maybeFullPath)
   en System.IO.FileStream.Init(String path, FileMode mode, FileAccess access, Int32 rights, Boolean useRights, FileShare share, Int32 bufferSize, FileOptions options, SECURITY_ATTRIBUTES secAttrs, String msgPath, Boolean bFromProxy)
   en System.IO.FileStream..ctor(String path, FileMode mode, FileAccess access, FileShare share)
   en SonicRetro.KensSharp.Nemesis.Decompress(String sourceFilePath) en C:\Users\Mike\Documents\GitHub\kenssharp_git\Nemesis\Nemesis.cs:línea 10
   en SonicRetro.SonLVL.API.Compression.Decompress(String file, CompressionType cmp) en C:\Users\Mike\Documents\GitHub\SonLVL\SonLVLAPI\Compression.cs:línea 42
   en SonicRetro.SonLVL.API.LevelData.ReadFile(String file, CompressionType cmp) en C:\Users\Mike\Documents\GitHub\SonLVL\SonLVLAPI\LevelData.cs:línea 2144
   en SonicRetro.SonLVL.API.DefaultObjectDefinition.Init(ObjectData data) en C:\Users\Mike\Documents\GitHub\SonLVL\SonLVLAPI\ObjectDefinition.cs:línea 486
System.IO.FileNotFoundException: No se pudo encontrar el archivo 'C:\Users\Alumno\Desktop\Proyectos Hack Sonic the Hedgehog\ASM Montajes\Proyecto Chaotyx the Hedgehog\_maps\Platforms (SYZ).asm'.
Nombre de archivo: 'C:\Users\Alumno\Desktop\Proyectos Hack Sonic the Hedgehog\ASM Montajes\Proyecto Chaotyx the Hedgehog\_maps\Platforms (SYZ).asm'
   en System.IO.__Error.WinIOError(Int32 errorCode, String maybeFullPath)
   en System.IO.FileStream.Init(String path, FileMode mode, FileAccess access, Int32 rights, Boolean useRights, FileShare share, Int32 bufferSize, FileOptions options, SECURITY_ATTRIBUTES secAttrs, String msgPath, Boolean bFromProxy)
   en System.IO.FileStream..ctor(String path, FileMode mode, FileAccess access, FileShare share, Int32 bufferSize, FileOptions options)
   en System.IO.StreamReader..ctor(String path, Encoding encoding, Boolean detectEncodingFromByteOrderMarks, Int32 bufferSize)
   en System.IO.StreamReader..ctor(String path, Encoding encoding)
   en System.IO.File.ReadAllLines(String path, Encoding encoding)
   en SonicRetro.SonLVL.API.LevelData.GetASMLabels(String file, Int32 sti, EngineVersion version) en C:\Users\Mike\Documents\GitHub\SonLVL\SonLVLAPI\LevelData.cs:línea 2497
   en SonicRetro.SonLVL.API.LevelData.ASMToBin(String file, Int32 sti, EngineVersion version, Dictionary`2& labels) en C:\Users\Mike\Documents\GitHub\SonLVL\SonLVLAPI\LevelData.cs:línea 2244
   en SonicRetro.SonLVL.API.LevelData.ASMToBin(String file, EngineVersion version) en C:\Users\Mike\Documents\GitHub\SonLVL\SonLVLAPI\LevelData.cs:línea 2205
   en SonicRetro.SonLVL.API.ObjectHelper.MapASMToBmp(Byte[] artfile, String mapfileloc, Int32 frame, Int32 startpal, EngineVersion version) en C:\Users\Mike\Documents\GitHub\SonLVL\SonLVLAPI\ObjectHelper.cs:línea 30
   en SonicRetro.SonLVL.API.XMLObjectDefinition.Init(ObjectData data) en C:\Users\Mike\Documents\GitHub\SonLVL\SonLVLAPI\ObjectDefinition.cs:línea 746
   en SonicRetro.SonLVL.API.LevelData.InitObjectDefinitions() en C:\Users\Mike\Documents\GitHub\SonLVL\SonLVLAPI\LevelData.cs:línea 2091
   en SonicRetro.SonLVL.API.LevelData.LoadLevel(String levelname, Boolean loadGraphics) en C:\Users\Mike\Documents\GitHub\SonLVL\SonLVLAPI\LevelData.cs:línea 516
   en SonicRetro.SonLVL.GUI.MainForm.backgroundLevelLoader_DoWork(Object sender, DoWorkEventArgs e) en C:\Users\Mike\Documents\GitHub\SonLVL\SonLVL\MainForm.cs:línea 473
Loading Labyrinth Zone Act 2...
Loading 8x8 tiles from file "../artnem/8x8LZ.bin", using compression Nemesis...
Loading 16x16 blocks from file "../map16/LZ.bin", using compression Enigma...
Loading 256x256 chunks from file "../map256/LZ.bin", using compression Kosinski...
Loading FG layout from file "../levels/lz2.bin", using compression Uncompressed...
Loading BG layout from file "../levels/lzbg.bin", using compression Uncompressed...
Loading palette file "../pallet/Sonic.bin"...
Source: 0 Destination: 0 Length: 16
Loading palette file "../pallet/LZ.bin"...
Source: 0 Destination: 16 Length: 48
Loading palette file "../pallet/lz_uw.bin"...
Source: 0 Destination: 0 Length: 64
Loading object definition file "obj.ini".
Loading ObjectDefinition type S1ObjectDefinitions.Common.Ring from "Common\Ring.cs"...
Loading type from cached assembly "dllcache\S1ObjectDefinitions.Common.Ring.dll"...
Loading ObjectDefinition type S1ObjectDefinitions.Common.InvisibleBlock from "Common\InvisibleBlock.cs"...
Loading type from cached assembly "dllcache\S1ObjectDefinitions.Common.InvisibleBlock.dll"...
Loading objects from file "../objpos/lz2.bin", using compression Uncompressed...
Loading start position "Level Start" from file "../startpos/lz2.bin"...
Drawing block bitmaps...
Drawing chunk bitmaps...
System.IO.FileNotFoundException: No se pudo encontrar el archivo 'C:\Users\Alumno\Desktop\Proyectos Hack Sonic the Hedgehog\ASM Montajes\Proyecto Chaotyx the Hedgehog\_maps\Platforms (SYZ).asm'.
Nombre de archivo: 'C:\Users\Alumno\Desktop\Proyectos Hack Sonic the Hedgehog\ASM Montajes\Proyecto Chaotyx the Hedgehog\_maps\Platforms (SYZ).asm'
   en System.IO.__Error.WinIOError(Int32 errorCode, String maybeFullPath)
   en System.IO.FileStream.Init(String path, FileMode mode, FileAccess access, Int32 rights, Boolean useRights, FileShare share, Int32 bufferSize, FileOptions options, SECURITY_ATTRIBUTES secAttrs, String msgPath, Boolean bFromProxy)
   en System.IO.FileStream..ctor(String path, FileMode mode, FileAccess access, FileShare share, Int32 bufferSize, FileOptions options)
   en System.IO.StreamReader..ctor(String path, Encoding encoding, Boolean detectEncodingFromByteOrderMarks, Int32 bufferSize)
   en System.IO.StreamReader..ctor(String path, Encoding encoding)
   en System.IO.File.ReadAllLines(String path, Encoding encoding)
   en SonicRetro.SonLVL.API.LevelData.GetASMLabels(String file, Int32 sti, EngineVersion version) en C:\Users\Mike\Documents\GitHub\SonLVL\SonLVLAPI\LevelData.cs:línea 2497
   en SonicRetro.SonLVL.API.LevelData.ASMToBin(String file, Int32 sti, EngineVersion version, Dictionary`2& labels) en C:\Users\Mike\Documents\GitHub\SonLVL\SonLVLAPI\LevelData.cs:línea 2244
   en SonicRetro.SonLVL.API.LevelData.ASMToBin(String file, EngineVersion version) en C:\Users\Mike\Documents\GitHub\SonLVL\SonLVLAPI\LevelData.cs:línea 2205
   en SonicRetro.SonLVL.API.ObjectHelper.MapASMToBmp(Byte[] artfile, String mapfileloc, Int32 frame, Int32 startpal, EngineVersion version) en C:\Users\Mike\Documents\GitHub\SonLVL\SonLVLAPI\ObjectHelper.cs:línea 30
   en SonicRetro.SonLVL.API.XMLObjectDefinition.Init(ObjectData data) en C:\Users\Mike\Documents\GitHub\SonLVL\SonLVLAPI\ObjectDefinition.cs:línea 746
   en SonicRetro.SonLVL.API.LevelData.InitObjectDefinitions() en C:\Users\Mike\Documents\GitHub\SonLVL\SonLVLAPI\LevelData.cs:línea 2091
   en SonicRetro.SonLVL.API.LevelData.LoadLevel(String levelname, Boolean loadGraphics) en C:\Users\Mike\Documents\GitHub\SonLVL\SonLVLAPI\LevelData.cs:línea 516
   en SonicRetro.SonLVL.GUI.MainForm.backgroundLevelLoader_DoWork(Object sender, DoWorkEventArgs e) en C:\Users\Mike\Documents\GitHub\SonLVL\SonLVL\MainForm.cs:línea 473
Loading Star Light Zone Act 1...
Loading 8x8 tiles from file "../artnem/8x8SLZ.bin", using compression Nemesis...
Loading 16x16 blocks from file "../map16/SLZ.bin", using compression Enigma...
Loading 256x256 chunks from file "../map256/SLZ.bin", using compression Kosinski...
Loading FG layout from file "../levels/slz1.bin", using compression Uncompressed...
Loading BG layout from file "../levels/slzbg.bin", using compression Uncompressed...
Loading palette file "../pallet/Sonic.bin"...
Source: 0 Destination: 0 Length: 16
Loading palette file "../pallet/SLZ.bin"...
Source: 0 Destination: 16 Length: 48
Loading object definition file "obj.ini".
Loading ObjectDefinition type S1ObjectDefinitions.Common.Ring from "Common\Ring.cs"...
Loading type from cached assembly "dllcache\S1ObjectDefinitions.Common.Ring.dll"...
Loading ObjectDefinition type S1ObjectDefinitions.Common.InvisibleBlock from "Common\InvisibleBlock.cs"...
Loading type from cached assembly "dllcache\S1ObjectDefinitions.Common.InvisibleBlock.dll"...
Loading objects from file "../objpos/slz1.bin", using compression Uncompressed...
Loading start position "Level Start" from file "../startpos/slz1.bin"...
Drawing block bitmaps...
Drawing chunk bitmaps...
System.IO.FileNotFoundException: No se pudo encontrar el archivo 'C:\Users\Alumno\Desktop\Proyectos Hack Sonic the Hedgehog\ASM Montajes\Proyecto Chaotyx the Hedgehog\_maps\Platforms (SYZ).asm'.
Nombre de archivo: 'C:\Users\Alumno\Desktop\Proyectos Hack Sonic the Hedgehog\ASM Montajes\Proyecto Chaotyx the Hedgehog\_maps\Platforms (SYZ).asm'
   en System.IO.__Error.WinIOError(Int32 errorCode, String maybeFullPath)
   en System.IO.FileStream.Init(String path, FileMode mode, FileAccess access, Int32 rights, Boolean useRights, FileShare share, Int32 bufferSize, FileOptions options, SECURITY_ATTRIBUTES secAttrs, String msgPath, Boolean bFromProxy)
   en System.IO.FileStream..ctor(String path, FileMode mode, FileAccess access, FileShare share, Int32 bufferSize, FileOptions options)
   en System.IO.StreamReader..ctor(String path, Encoding encoding, Boolean detectEncodingFromByteOrderMarks, Int32 bufferSize)
   en System.IO.StreamReader..ctor(String path, Encoding encoding)
   en System.IO.File.ReadAllLines(String path, Encoding encoding)
   en SonicRetro.SonLVL.API.LevelData.GetASMLabels(String file, Int32 sti, EngineVersion version) en C:\Users\Mike\Documents\GitHub\SonLVL\SonLVLAPI\LevelData.cs:línea 2497
   en SonicRetro.SonLVL.API.LevelData.ASMToBin(String file, Int32 sti, EngineVersion version, Dictionary`2& labels) en C:\Users\Mike\Documents\GitHub\SonLVL\SonLVLAPI\LevelData.cs:línea 2244
   en SonicRetro.SonLVL.API.LevelData.ASMToBin(String file, EngineVersion version) en C:\Users\Mike\Documents\GitHub\SonLVL\SonLVLAPI\LevelData.cs:línea 2205
   en SonicRetro.SonLVL.API.ObjectHelper.MapASMToBmp(Byte[] artfile, String mapfileloc, Int32 frame, Int32 startpal, EngineVersion version) en C:\Users\Mike\Documents\GitHub\SonLVL\SonLVLAPI\ObjectHelper.cs:línea 30
   en SonicRetro.SonLVL.API.XMLObjectDefinition.Init(ObjectData data) en C:\Users\Mike\Documents\GitHub\SonLVL\SonLVLAPI\ObjectDefinition.cs:línea 746
   en SonicRetro.SonLVL.API.LevelData.InitObjectDefinitions() en C:\Users\Mike\Documents\GitHub\SonLVL\SonLVLAPI\LevelData.cs:línea 2091
   en SonicRetro.SonLVL.API.LevelData.LoadLevel(String levelname, Boolean loadGraphics) en C:\Users\Mike\Documents\GitHub\SonLVL\SonLVLAPI\LevelData.cs:línea 516
   en SonicRetro.SonLVL.GUI.MainForm.backgroundLevelLoader_DoWork(Object sender, DoWorkEventArgs e) en C:\Users\Mike\Documents\GitHub\SonLVL\SonLVL\MainForm.cs:línea 473
